SF:src/portfoliomodels/CVaRmodel.py
DA:1,1
DA:2,1
DA:4,1
DA:5,1
DA:6,1
DA:7,1
DA:13,1
DA:62,1
DA:63,1
DA:66,1
DA:68,1
DA:72,1
DA:74,1
DA:76,1
DA:78,1
DA:80,1
DA:81,1
DA:84,1
DA:87,1
DA:103,1
DA:104,0
DA:105,0
DA:107,0
DA:108,0
DA:109,0
DA:112,1
DA:115,1
DA:118,1
DA:119,1
DA:120,1
DA:121,1
DA:122,1
DA:125,1
DA:126,1
DA:127,1
DA:128,1
DA:131,1
DA:134,1
DA:138,0
DA:148,0
DA:149,0
DA:150,0
DA:153,0
DA:159,1
DA:174,1
DA:175,1
DA:177,1
DA:180,1
DA:182,1
DA:184,1
DA:186,1
DA:187,1
DA:188,1
DA:190,1
DA:191,1
DA:192,1
DA:195,1
DA:198,1
DA:201,1
DA:216,1
DA:218,1
DA:220,1
DA:222,1
DA:223,1
DA:224,1
DA:226,1
DA:228,1
DA:229,1
DA:232,1
DA:234,1
LF:70
LH:60
FN:13,153,rebalancing_model
FNDA:1,rebalancing_model
FN:159,234,cvar_model
FNDA:1,cvar_model
FNF:2
FNH:2
end_of_record
SF:src/portfoliomodels/CVaRtargets.py
DA:1,1
DA:3,1
DA:4,1
DA:5,1
DA:7,1
DA:11,1
DA:19,1
DA:20,1
DA:21,1
DA:24,1
DA:27,1
DA:30,1
DA:31,1
DA:33,1
DA:38,1
DA:40,1
DA:43,1
DA:46,1
DA:49,1
DA:52,1
DA:54,1
DA:60,1
DA:69,1
DA:72,1
DA:74,1
DA:77,1
DA:80,1
DA:84,1
DA:92,1
DA:93,1
DA:96,1
DA:97,1
DA:99,1
DA:102,1
DA:104,1
DA:107,1
DA:110,1
DA:111,1
DA:112,1
DA:113,1
DA:114,1
DA:117,1
DA:123,1
LF:43
LH:43
FN:11,33,CVaR
FNDA:1,CVaR
FN:38,54,portfolio_risk_target
FNDA:1,portfolio_risk_target
FN:60,123,get_cvar_targets
FNDA:1,get_cvar_targets
FNF:3
FNH:3
end_of_record
SF:src/portfoliomodels/Clustering.py
DA:1,0
DA:2,0
DA:3,0
DA:4,0
DA:5,0
DA:8,0
DA:12,0
DA:13,0
DA:14,0
DA:15,0
DA:17,0
DA:19,0
DA:20,0
DA:21,0
DA:22,0
DA:23,0
DA:24,0
DA:25,0
DA:26,0
DA:27,0
DA:28,0
DA:36,0
DA:37,0
DA:38,0
DA:41,0
DA:45,0
DA:47,0
DA:48,0
DA:51,0
DA:52,0
DA:54,0
DA:56,0
DA:57,0
DA:66,0
DA:70,0
DA:71,0
DA:72,0
DA:76,0
DA:79,0
DA:82,0
DA:83,0
DA:85,0
DA:88,0
DA:92,0
DA:94,0
DA:95,0
DA:97,0
DA:99,0
DA:100,0
DA:102,0
DA:103,0
DA:106,0
DA:108,0
LF:53
LH:0
FN:8,38,fancy_dendrogram
FNDA:0,fancy_dendrogram
FN:41,85,cluster
FNDA:0,cluster
FN:88,108,pick_cluster
FNDA:0,pick_cluster
FNF:3
FNH:0
end_of_record
SF:src/portfoliomodels/MST.py
DA:1,1
DA:2,1
DA:3,1
DA:4,1
DA:5,1
DA:8,1
DA:9,1
DA:11,1
DA:12,1
DA:13,1
DA:14,1
DA:17,1
DA:18,1
DA:19,1
DA:20,1
DA:21,1
DA:22,1
DA:23,1
DA:26,1
DA:27,1
DA:28,1
DA:29,1
DA:30,1
DA:33,1
DA:36,1
DA:37,1
DA:38,1
DA:39,1
DA:42,1
DA:45,1
DA:46,1
DA:49,1
DA:50,1
DA:51,1
DA:52,1
DA:53,1
DA:54,1
DA:56,1
LF:38
LH:38
FN:8,56,minimum_spanning_tree
FNDA:1,minimum_spanning_tree
FNF:1
FNH:1
end_of_record
SF:src/portfoliomodels/MVOlifecycleModel.py
DA:1,0
DA:3,0
DA:4,0
DA:5,0
DA:6,0
DA:8,0
DA:11,0
DA:15,0
DA:16,0
DA:18,0
DA:21,0
DA:22,0
DA:25,0
DA:27,0
DA:30,0
DA:32,0
DA:33,0
DA:34,0
DA:35,0
DA:38,0
DA:39,0
DA:40,0
DA:41,0
DA:42,0
DA:44,0
DA:45,0
DA:46,0
DA:47,0
DA:50,0
DA:63,0
DA:66,0
DA:98,0
DA:99,0
DA:100,0
DA:103,0
DA:106,0
DA:109,0
DA:111,0
DA:119,0
DA:120,0
DA:121,0
DA:123,0
DA:130,0
DA:131,0
DA:134,0
DA:135,0
DA:136,0
DA:137,0
DA:138,0
DA:139,0
DA:140,0
DA:141,0
DA:145,0
DA:148,0
DA:149,0
DA:150,0
DA:153,0
DA:180,0
DA:181,0
DA:182,0
DA:185,0
DA:187,0
DA:188,0
DA:196,0
DA:198,0
DA:199,0
DA:202,0
DA:228,0
DA:229,0
DA:230,0
DA:233,0
DA:243,0
DA:246,0
DA:249,0
DA:250,0
DA:252,0
DA:254,0
DA:255,0
DA:256,0
DA:257,0
DA:258,0
DA:261,0
DA:271,0
DA:272,0
DA:275,0
DA:276,0
DA:277,0
DA:279,0
DA:281,0
DA:282,0
DA:285,0
DA:286,0
DA:287,0
DA:288,0
DA:289,0
DA:290,0
DA:293,0
DA:295,0
DA:296,0
DA:297,0
DA:299,0
DA:302,0
DA:305,0
DA:315,0
DA:317,0
DA:320,0
DA:350,0
DA:351,0
DA:354,0
DA:372,0
DA:374,0
DA:376,0
DA:379,0
DA:389,0
DA:392,0
DA:397,0
DA:412,0
DA:413,0
DA:416,0
DA:419,0
DA:420,0
DA:421,0
DA:422,0
DA:425,0
DA:427,0
DA:431,0
LF:126
LH:0
FN:11,27,calculate_risk_metrics
FNDA:0,calculate_risk_metrics
FN:30,63,calculate_analysis_metrics
FNDA:0,calculate_analysis_metrics
FN:66,150,lifecycle_rebalance_model
FNDA:0,lifecycle_rebalance_model
FN:153,199,get_port_allocations
FNDA:0,get_port_allocations
FN:202,317,portfolio_rebalancing
FNDA:0,portfolio_rebalancing
FN:320,431,riskadjust_model_scen
FNDA:0,riskadjust_model_scen
FNF:6
FNH:0
end_of_record
SF:src/portfoliomodels/MVOmodel.py
DA:1,1
DA:2,1
DA:4,1
DA:5,1
DA:6,1
DA:7,1
DA:8,1
DA:11,1
DA:15,0
DA:16,0
DA:19,0
DA:20,0
DA:21,0
DA:23,0
DA:24,0
DA:25,0
DA:31,1
DA:76,1
DA:79,1
DA:83,1
DA:87,1
DA:89,1
DA:91,1
DA:94,1
DA:97,1
DA:110,1
DA:111,0
DA:112,0
DA:114,0
DA:115,0
DA:116,0
DA:119,1
DA:122,1
DA:125,1
DA:126,1
DA:127,1
DA:128,1
DA:129,1
DA:132,1
DA:133,1
DA:134,1
DA:135,1
DA:138,1
DA:141,1
DA:145,0
DA:155,0
DA:156,0
DA:157,0
DA:160,0
DA:166,1
DA:181,1
DA:183,1
DA:186,1
DA:188,1
DA:190,1
DA:192,1
DA:193,1
DA:194,1
DA:196,1
DA:197,1
DA:198,1
DA:201,1
DA:202,1
DA:205,1
DA:219,1
DA:221,1
DA:223,1
DA:225,1
DA:226,1
DA:227,1
DA:229,1
DA:231,1
DA:232,1
DA:235,1
DA:237,1
LF:75
LH:57
FN:11,25,cholesky_psd
FNDA:0,cholesky_psd
FN:31,160,rebalancing_model
FNDA:1,rebalancing_model
FN:166,237,mvo_model
FNDA:1,mvo_model
FNF:3
FNH:2
end_of_record
SF:src/portfoliomodels/MVOtargets.py
DA:1,1
DA:3,1
DA:4,1
DA:5,1
DA:7,1
DA:12,1
DA:14,1
DA:15,1
DA:18,1
DA:20,1
DA:26,1
DA:29,1
DA:32,1
DA:34,1
DA:37,1
DA:40,1
DA:43,1
DA:47,1
DA:50,1
DA:51,1
DA:53,1
DA:56,1
DA:59,1
DA:62,1
DA:65,1
DA:66,1
DA:67,1
DA:68,1
DA:69,1
DA:72,1
DA:78,1
LF:31
LH:31
FN:12,20,portfolio_risk_target
FNDA:1,portfolio_risk_target
FN:26,78,get_mvo_targets
FNDA:1,get_mvo_targets
FNF:2
FNH:2
end_of_record
SF:src/portfoliomodels/ScenarioGeneration.py
DA:1,1
DA:2,1
DA:4,1
DA:5,1
DA:6,1
DA:7,1
DA:10,1
DA:15,1
DA:16,1
DA:17,1
DA:18,1
DA:19,1
DA:20,1
DA:21,1
DA:22,1
DA:23,1
DA:24,1
DA:26,1
DA:27,1
DA:31,1
DA:33,1
DA:34,1
DA:37,1
DA:40,1
DA:41,1
DA:44,1
DA:45,1
DA:46,1
DA:49,1
DA:51,1
DA:53,1
DA:54,1
DA:68,0
DA:70,0
DA:72,1
DA:73,1
DA:82,0
DA:83,0
DA:86,0
DA:89,0
DA:91,0
DA:93,1
DA:94,1
DA:95,1
DA:98,1
DA:99,1
DA:101,1
DA:102,1
DA:103,1
DA:105,1
DA:106,1
DA:108,1
DA:113,1
DA:122,1
DA:125,1
DA:126,1
DA:128,1
DA:130,1
DA:131,1
DA:145,0
DA:146,0
DA:149,0
DA:152,0
DA:153,0
DA:155,0
DA:157,1
DA:158,1
DA:176,0
DA:179,0
DA:188,0
DA:191,0
DA:194,0
DA:197,0
DA:200,0
DA:201,0
DA:202,0
DA:205,0
DA:206,0
DA:207,0
DA:209,0
DA:212,1
DA:217,1
DA:218,1
DA:223,1
DA:231,1
DA:233,1
DA:234,1
DA:235,1
DA:236,1
DA:239,1
DA:240,1
DA:241,1
DA:243,1
DA:244,1
DA:247,1
DA:248,1
DA:249,1
DA:250,1
DA:251,1
DA:252,1
DA:253,1
DA:255,1
DA:260,1
DA:261,1
DA:263,1
DA:264,1
DA:265,1
DA:266,1
DA:267,1
DA:269,1
DA:270,1
DA:277,1
DA:278,1
DA:279,1
DA:280,1
DA:281,1
DA:282,1
DA:283,1
DA:285,1
DA:287,1
DA:309,0
DA:313,0
DA:314,0
DA:315,0
DA:318,0
DA:319,0
DA:322,0
DA:325,0
DA:326,0
DA:327,0
DA:328,0
DA:330,0
DA:332,0
DA:333,0
DA:335,0
DA:337,0
DA:341,0
DA:343,1
DA:362,0
DA:363,0
DA:365,0
DA:367,0
DA:368,0
DA:370,0
DA:371,0
DA:373,0
DA:374,0
DA:376,0
DA:378,0
DA:379,0
DA:381,0
LF:151
LH:95
FN:16,24,MomentGenerator._alpha_numerator
FNDA:1,MomentGenerator._alpha_numerator
FN:27,51,MomentGenerator._ledoit_wolf_shrinkage
FNDA:1,MomentGenerator._ledoit_wolf_shrinkage
FN:54,70,MomentGenerator._jorion_shrinkage
FNDA:0,MomentGenerator._jorion_shrinkage
FN:73,91,MomentGenerator.compute_annualized_covariance
FNDA:0,MomentGenerator.compute_annualized_covariance
FN:94,128,MomentGenerator.generate_sigma_mu_for_test_periods
FNDA:1,MomentGenerator.generate_sigma_mu_for_test_periods
FN:131,155,MomentGenerator.split_dataset
FNDA:0,MomentGenerator.split_dataset
FN:158,209,MomentGenerator.generate_annual_sigma_mu_with_risk_free
FNDA:0,MomentGenerator.generate_annual_sigma_mu_with_risk_free
FN:217,218,ScenarioGenerator.__init__
FNDA:1,ScenarioGenerator.__init__
FN:223,255,ScenarioGenerator.monte_carlo
FNDA:1,ScenarioGenerator.monte_carlo
FN:260,285,ScenarioGenerator.bootstrapping
FNDA:1,ScenarioGenerator.bootstrapping
FN:287,341,ScenarioGenerator.MC_simulation_annual_from_weekly
FNDA:0,ScenarioGenerator.MC_simulation_annual_from_weekly
FN:343,381,ScenarioGenerator.bootstrap_simulation_annual_from_weekly
FNDA:0,ScenarioGenerator.bootstrap_simulation_annual_from_weekly
FNF:12
FNH:6
end_of_record
SF:src/portfoliomodels/__init__.py
end_of_record
SF:src/portfoliomodels/dataAnalyser.py
DA:1,0
DA:2,0
DA:5,0
DA:8,0
DA:9,0
DA:10,0
DA:12,0
DA:14,0
DA:17,0
DA:21,0
DA:22,0
DA:24,0
DA:25,0
DA:27,0
DA:28,0
DA:29,0
DA:32,0
DA:36,0
DA:37,0
DA:38,0
DA:40,0
DA:43,0
DA:47,0
DA:49,0
DA:52,0
DA:53,0
DA:55,0
LF:27
LH:0
FN:5,14,mean_an_returns
FNDA:0,mean_an_returns
FN:17,40,final_stats
FNDA:0,final_stats
FN:43,55,get_weekly_returns
FNDA:0,get_weekly_returns
FNF:3
FNH:0
end_of_record
SF:src/portfoliomodels/glidePathCreator.py
DA:1,0
DA:2,0
DA:3,0
DA:6,0
DA:9,0
DA:10,0
DA:12,0
DA:13,0
DA:14,0
DA:16,0
DA:21,0
DA:31,0
DA:40,0
DA:48,0
DA:61,0
DA:62,0
DA:63,0
DA:65,0
DA:68,0
LF:19
LH:0
FN:6,68,generate_risk_profiles
FNDA:0,generate_risk_profiles
FNF:1
FNH:0
end_of_record
SF:src/portfoliomodels/main.py
DA:1,0
DA:2,0
DA:3,0
DA:4,0
DA:5,0
DA:7,0
DA:8,0
DA:9,0
DA:10,0
DA:11,0
DA:12,0
DA:13,0
DA:14,0
DA:16,0
DA:17,0
DA:18,0
DA:19,0
DA:20,0
DA:21,0
DA:22,0
DA:23,0
DA:24,0
DA:25,0
DA:27,0
DA:39,0
DA:45,0
DA:46,0
DA:47,0
DA:48,0
DA:49,0
DA:50,0
DA:52,0
DA:54,0
DA:55,0
DA:64,0
DA:67,0
DA:68,0
DA:69,0
DA:70,0
DA:71,0
DA:72,0
DA:74,0
DA:78,0
DA:85,0
DA:89,0
DA:90,0
DA:91,0
DA:92,0
DA:93,0
DA:95,0
DA:96,0
DA:97,0
DA:98,0
DA:109,0
DA:110,0
DA:116,0
DA:117,0
DA:119,0
DA:120,0
DA:121,0
DA:127,0
DA:128,0
DA:133,0
DA:135,0
DA:136,0
DA:145,0
DA:157,0
DA:158,0
DA:160,0
DA:162,0
DA:164,0
DA:167,0
DA:168,0
DA:169,0
DA:172,0
DA:175,0
DA:178,0
DA:189,0
DA:201,0
DA:212,0
DA:230,0
DA:231,0
DA:232,0
DA:233,0
DA:234,0
DA:238,0
DA:239,0
DA:247,0
DA:248,0
DA:250,0
DA:251,0
DA:252,0
DA:253,0
DA:254,0
DA:255,0
DA:256,0
DA:257,0
DA:258,0
DA:260,0
DA:261,0
DA:274,0
DA:276,0
DA:277,0
DA:278,0
DA:280,0
DA:289,0
DA:290,0
DA:291,0
DA:293,0
DA:296,0
DA:301,0
DA:304,0
DA:306,0
DA:308,0
DA:316,0
DA:317,0
DA:321,0
DA:323,0
DA:327,0
DA:332,0
DA:333,0
DA:334,0
DA:337,0
DA:338,0
DA:343,0
DA:344,0
DA:345,0
DA:346,0
DA:348,0
DA:350,0
DA:351,0
DA:361,0
DA:370,0
DA:371,0
DA:379,0
DA:380,0
DA:381,0
DA:390,0
DA:391,0
DA:392,0
DA:394,0
DA:396,0
DA:398,0
DA:410,0
DA:411,0
DA:414,0
DA:417,0
DA:418,0
DA:419,0
DA:420,0
DA:423,0
DA:424,0
DA:425,0
DA:426,0
DA:427,0
DA:428,0
DA:431,0
DA:432,0
DA:433,0
DA:434,0
DA:436,0
DA:437,0
DA:438,0
DA:439,0
DA:442,0
DA:453,0
DA:467,0
DA:468,0
DA:471,0
DA:472,0
DA:473,0
DA:483,0
DA:484,0
DA:485,0
DA:486,0
DA:487,0
DA:489,0
DA:490,0
DA:492,0
DA:493,0
DA:494,0
DA:497,0
DA:506,0
DA:509,0
DA:510,0
DA:515,0
DA:517,0
DA:519,0
DA:523,0
DA:526,0
DA:530,0
DA:531,0
DA:534,0
DA:535,0
DA:536,0
DA:543,0
DA:545,0
DA:556,0
DA:557,0
DA:561,0
DA:564,0
DA:565,0
DA:566,0
DA:571,0
DA:572,0
DA:581,0
DA:583,0
DA:599,0
DA:602,0
DA:605,0
DA:612,0
DA:614,0
DA:615,0
DA:619,0
DA:620,0
DA:628,0
DA:636,0
DA:637,0
DA:638,0
DA:646,0
DA:658,0
DA:659,0
DA:673,0
DA:688,0
DA:698,0
DA:699,0
DA:701,0
DA:703,0
DA:718,0
DA:719,0
DA:722,0
DA:723,0
DA:727,0
DA:729,0
DA:731,0
DA:736,0
DA:737,0
DA:739,0
DA:741,0
DA:742,0
DA:749,0
DA:750,0
DA:757,0
DA:763,0
DA:767,0
DA:768,0
DA:769,0
DA:776,0
DA:779,0
DA:780,0
DA:782,0
DA:783,0
DA:787,0
DA:797,0
DA:799,0
DA:800,0
DA:803,0
DA:811,0
DA:822,0
DA:824,0
DA:825,0
DA:828,0
DA:838,0
DA:841,0
DA:844,0
DA:853,0
DA:864,0
LF:267
LH:0
FN:45,52,TradeBot.__init__
FNDA:0,TradeBot.__init__
FN:55,133,TradeBot.__plot_backtest
FNDA:0,TradeBot.__plot_backtest
FN:136,321,TradeBot.__plot_portfolio_densities
FNDA:0,TradeBot.__plot_portfolio_densities
FN:323,348,TradeBot.get_stat
FNDA:0,TradeBot.get_stat
FN:350,396,TradeBot.get_top_performing_assets
FNDA:0,TradeBot.get_top_performing_assets
FN:398,517,TradeBot.plot_dots
FNDA:0,TradeBot.plot_dots
FN:519,543,TradeBot.mst
FNDA:0,TradeBot.mst
FN:545,581,TradeBot.clustering
FNDA:0,TradeBot.clustering
FN:583,701,TradeBot.backtest
FNDA:0,TradeBot.backtest
FN:703,819,TradeBot.lifecycle_scenario_analysis
FNDA:0,TradeBot.lifecycle_scenario_analysis
FNF:10
FNH:0
end_of_record
