{"meta": {"format": 3, "version": "7.6.10", "timestamp": "2025-01-27T06:12:26.360778", "branch_coverage": false, "show_contexts": false}, "files": {"src/portfoliomodels/CVaRmodel.py": {"executed_lines": [1, 2, 4, 5, 6, 7, 13, 62, 63, 66, 68, 72, 74, 76, 78, 80, 81, 84, 87, 103, 112, 115, 118, 119, 120, 121, 122, 125, 126, 127, 128, 131, 134, 159, 174, 175, 177, 180, 182, 184, 186, 187, 188, 190, 191, 192, 195, 198, 201, 216, 218, 220, 222, 223, 224, 226, 228, 229, 232, 234], "summary": {"covered_lines": 60, "num_statements": 70, "percent_covered": 85.71428571428571, "percent_covered_display": "86", "missing_lines": 10, "excluded_lines": 0}, "missing_lines": [104, 105, 107, 108, 109, 138, 148, 149, 150, 153], "excluded_lines": [], "functions": {"rebalancing_model": {"executed_lines": [62, 63, 66, 68, 72, 74, 76, 78, 80, 81, 84, 87, 103, 112, 115, 118, 119, 120, 121, 122, 125, 126, 127, 128, 131, 134], "summary": {"covered_lines": 26, "num_statements": 36, "percent_covered": 72.22222222222223, "percent_covered_display": "72", "missing_lines": 10, "excluded_lines": 0}, "missing_lines": [104, 105, 107, 108, 109, 138, 148, 149, 150, 153], "excluded_lines": []}, "cvar_model": {"executed_lines": [174, 175, 177, 180, 182, 184, 186, 187, 188, 190, 191, 192, 195, 198, 201, 216, 218, 220, 222, 223, 224, 226, 228, 229, 232, 234], "summary": {"covered_lines": 26, "num_statements": 26, "percent_covered": 100.0, "percent_covered_display": "100", "missing_lines": 0, "excluded_lines": 0}, "missing_lines": [], "excluded_lines": []}, "": {"executed_lines": [1, 2, 4, 5, 6, 7, 13, 159], "summary": {"covered_lines": 8, "num_statements": 8, "percent_covered": 100.0, "percent_covered_display": "100", "missing_lines": 0, "excluded_lines": 0}, "missing_lines": [], "excluded_lines": []}}, "classes": {"": {"executed_lines": [1, 2, 4, 5, 6, 7, 13, 62, 63, 66, 68, 72, 74, 76, 78, 80, 81, 84, 87, 103, 112, 115, 118, 119, 120, 121, 122, 125, 126, 127, 128, 131, 134, 159, 174, 175, 177, 180, 182, 184, 186, 187, 188, 190, 191, 192, 195, 198, 201, 216, 218, 220, 222, 223, 224, 226, 228, 229, 232, 234], "summary": {"covered_lines": 60, "num_statements": 70, "percent_covered": 85.71428571428571, "percent_covered_display": "86", "missing_lines": 10, "excluded_lines": 0}, "missing_lines": [104, 105, 107, 108, 109, 138, 148, 149, 150, 153], "excluded_lines": []}}}, "src/portfoliomodels/CVaRtargets.py": {"executed_lines": [1, 3, 4, 5, 7, 11, 19, 20, 21, 24, 27, 30, 31, 33, 38, 40, 43, 46, 49, 52, 54, 60, 69, 72, 74, 77, 80, 84, 92, 93, 96, 97, 99, 102, 104, 107, 110, 111, 112, 113, 114, 117, 123], "summary": {"covered_lines": 43, "num_statements": 43, "percent_covered": 100.0, "percent_covered_display": "100", "missing_lines": 0, "excluded_lines": 0}, "missing_lines": [], "excluded_lines": [], "functions": {"CVaR": {"executed_lines": [19, 20, 21, 24, 27, 30, 31, 33], "summary": {"covered_lines": 8, "num_statements": 8, "percent_covered": 100.0, "percent_covered_display": "100", "missing_lines": 0, "excluded_lines": 0}, "missing_lines": [], "excluded_lines": []}, "portfolio_risk_target": {"executed_lines": [40, 43, 46, 49, 52, 54], "summary": {"covered_lines": 6, "num_statements": 6, "percent_covered": 100.0, "percent_covered_display": "100", "missing_lines": 0, "excluded_lines": 0}, "missing_lines": [], "excluded_lines": []}, "get_cvar_targets": {"executed_lines": [69, 72, 74, 77, 80, 84, 92, 93, 96, 97, 99, 102, 104, 107, 110, 111, 112, 113, 114, 117, 123], "summary": {"covered_lines": 21, "num_statements": 21, "percent_covered": 100.0, "percent_covered_display": "100", "missing_lines": 0, "excluded_lines": 0}, "missing_lines": [], "excluded_lines": []}, "": {"executed_lines": [1, 3, 4, 5, 7, 11, 38, 60], "summary": {"covered_lines": 8, "num_statements": 8, "percent_covered": 100.0, "percent_covered_display": "100", "missing_lines": 0, "excluded_lines": 0}, "missing_lines": [], "excluded_lines": []}}, "classes": {"": {"executed_lines": [1, 3, 4, 5, 7, 11, 19, 20, 21, 24, 27, 30, 31, 33, 38, 40, 43, 46, 49, 52, 54, 60, 69, 72, 74, 77, 80, 84, 92, 93, 96, 97, 99, 102, 104, 107, 110, 111, 112, 113, 114, 117, 123], "summary": {"covered_lines": 43, "num_statements": 43, "percent_covered": 100.0, "percent_covered_display": "100", "missing_lines": 0, "excluded_lines": 0}, "missing_lines": [], "excluded_lines": []}}}, "src/portfoliomodels/Clustering.py": {"executed_lines": [], "summary": {"covered_lines": 0, "num_statements": 53, "percent_covered": 0.0, "percent_covered_display": "0", "missing_lines": 53, "excluded_lines": 0}, "missing_lines": [1, 2, 3, 4, 5, 8, 12, 13, 14, 15, 17, 19, 20, 21, 22, 23, 24, 25, 26, 27, 28, 36, 37, 38, 41, 45, 47, 48, 51, 52, 54, 56, 57, 66, 70, 71, 72, 76, 79, 82, 83, 85, 88, 92, 94, 95, 97, 99, 100, 102, 103, 106, 108], "excluded_lines": [], "functions": {"fancy_dendrogram": {"executed_lines": [], "summary": {"covered_lines": 0, "num_statements": 18, "percent_covered": 0.0, "percent_covered_display": "0", "missing_lines": 18, "excluded_lines": 0}, "missing_lines": [12, 13, 14, 15, 17, 19, 20, 21, 22, 23, 24, 25, 26, 27, 28, 36, 37, 38], "excluded_lines": []}, "cluster": {"executed_lines": [], "summary": {"covered_lines": 0, "num_statements": 17, "percent_covered": 0.0, "percent_covered_display": "0", "missing_lines": 17, "excluded_lines": 0}, "missing_lines": [45, 47, 48, 51, 52, 54, 56, 57, 66, 70, 71, 72, 76, 79, 82, 83, 85], "excluded_lines": []}, "pick_cluster": {"executed_lines": [], "summary": {"covered_lines": 0, "num_statements": 10, "percent_covered": 0.0, "percent_covered_display": "0", "missing_lines": 10, "excluded_lines": 0}, "missing_lines": [92, 94, 95, 97, 99, 100, 102, 103, 106, 108], "excluded_lines": []}, "": {"executed_lines": [], "summary": {"covered_lines": 0, "num_statements": 8, "percent_covered": 0.0, "percent_covered_display": "0", "missing_lines": 8, "excluded_lines": 0}, "missing_lines": [1, 2, 3, 4, 5, 8, 41, 88], "excluded_lines": []}}, "classes": {"": {"executed_lines": [], "summary": {"covered_lines": 0, "num_statements": 53, "percent_covered": 0.0, "percent_covered_display": "0", "missing_lines": 53, "excluded_lines": 0}, "missing_lines": [1, 2, 3, 4, 5, 8, 12, 13, 14, 15, 17, 19, 20, 21, 22, 23, 24, 25, 26, 27, 28, 36, 37, 38, 41, 45, 47, 48, 51, 52, 54, 56, 57, 66, 70, 71, 72, 76, 79, 82, 83, 85, 88, 92, 94, 95, 97, 99, 100, 102, 103, 106, 108], "excluded_lines": []}}}, "src/portfoliomodels/MST.py": {"executed_lines": [1, 2, 3, 4, 5, 8, 9, 11, 12, 13, 14, 17, 18, 19, 20, 21, 22, 23, 26, 27, 28, 29, 30, 33, 36, 37, 38, 39, 42, 45, 46, 49, 50, 51, 52, 53, 54, 56], "summary": {"covered_lines": 38, "num_statements": 38, "percent_covered": 100.0, "percent_covered_display": "100", "missing_lines": 0, "excluded_lines": 0}, "missing_lines": [], "excluded_lines": [], "functions": {"minimum_spanning_tree": {"executed_lines": [9, 11, 12, 13, 14, 17, 18, 19, 20, 21, 22, 23, 26, 27, 28, 29, 30, 33, 36, 37, 38, 39, 42, 45, 46, 49, 50, 51, 52, 53, 54, 56], "summary": {"covered_lines": 32, "num_statements": 32, "percent_covered": 100.0, "percent_covered_display": "100", "missing_lines": 0, "excluded_lines": 0}, "missing_lines": [], "excluded_lines": []}, "": {"executed_lines": [1, 2, 3, 4, 5, 8], "summary": {"covered_lines": 6, "num_statements": 6, "percent_covered": 100.0, "percent_covered_display": "100", "missing_lines": 0, "excluded_lines": 0}, "missing_lines": [], "excluded_lines": []}}, "classes": {"": {"executed_lines": [1, 2, 3, 4, 5, 8, 9, 11, 12, 13, 14, 17, 18, 19, 20, 21, 22, 23, 26, 27, 28, 29, 30, 33, 36, 37, 38, 39, 42, 45, 46, 49, 50, 51, 52, 53, 54, 56], "summary": {"covered_lines": 38, "num_statements": 38, "percent_covered": 100.0, "percent_covered_display": "100", "missing_lines": 0, "excluded_lines": 0}, "missing_lines": [], "excluded_lines": []}}}, "src/portfoliomodels/MVOlifecycleModel.py": {"executed_lines": [], "summary": {"covered_lines": 0, "num_statements": 126, "percent_covered": 0.0, "percent_covered_display": "0", "missing_lines": 126, "excluded_lines": 0}, "missing_lines": [1, 3, 4, 5, 6, 8, 11, 15, 16, 18, 21, 22, 25, 27, 30, 32, 33, 34, 35, 38, 39, 40, 41, 42, 44, 45, 46, 47, 50, 63, 66, 98, 99, 100, 103, 106, 109, 111, 119, 120, 121, 123, 130, 131, 134, 135, 136, 137, 138, 139, 140, 141, 145, 148, 149, 150, 153, 180, 181, 182, 185, 187, 188, 196, 198, 199, 202, 228, 229, 230, 233, 243, 246, 249, 250, 252, 254, 255, 256, 257, 258, 261, 271, 272, 275, 276, 277, 279, 281, 282, 285, 286, 287, 288, 289, 290, 293, 295, 296, 297, 299, 302, 305, 315, 317, 320, 350, 351, 354, 372, 374, 376, 379, 389, 392, 397, 412, 413, 416, 419, 420, 421, 422, 425, 427, 431], "excluded_lines": [], "functions": {"calculate_risk_metrics": {"executed_lines": [], "summary": {"covered_lines": 0, "num_statements": 7, "percent_covered": 0.0, "percent_covered_display": "0", "missing_lines": 7, "excluded_lines": 0}, "missing_lines": [15, 16, 18, 21, 22, 25, 27], "excluded_lines": []}, "calculate_analysis_metrics": {"executed_lines": [], "summary": {"covered_lines": 0, "num_statements": 15, "percent_covered": 0.0, "percent_covered_display": "0", "missing_lines": 15, "excluded_lines": 0}, "missing_lines": [32, 33, 34, 35, 38, 39, 40, 41, 42, 44, 45, 46, 47, 50, 63], "excluded_lines": []}, "lifecycle_rebalance_model": {"executed_lines": [], "summary": {"covered_lines": 0, "num_statements": 25, "percent_covered": 0.0, "percent_covered_display": "0", "missing_lines": 25, "excluded_lines": 0}, "missing_lines": [98, 99, 100, 103, 106, 109, 111, 119, 120, 121, 123, 130, 131, 134, 135, 136, 137, 138, 139, 140, 141, 145, 148, 149, 150], "excluded_lines": []}, "get_port_allocations": {"executed_lines": [], "summary": {"covered_lines": 0, "num_statements": 9, "percent_covered": 0.0, "percent_covered_display": "0", "missing_lines": 9, "excluded_lines": 0}, "missing_lines": [180, 181, 182, 185, 187, 188, 196, 198, 199], "excluded_lines": []}, "portfolio_rebalancing": {"executed_lines": [], "summary": {"covered_lines": 0, "num_statements": 38, "percent_covered": 0.0, "percent_covered_display": "0", "missing_lines": 38, "excluded_lines": 0}, "missing_lines": [228, 229, 230, 233, 243, 246, 249, 250, 252, 254, 255, 256, 257, 258, 261, 271, 272, 275, 276, 277, 279, 281, 282, 285, 286, 287, 288, 289, 290, 293, 295, 296, 297, 299, 302, 305, 315, 317], "excluded_lines": []}, "riskadjust_model_scen": {"executed_lines": [], "summary": {"covered_lines": 0, "num_statements": 20, "percent_covered": 0.0, "percent_covered_display": "0", "missing_lines": 20, "excluded_lines": 0}, "missing_lines": [350, 351, 354, 372, 374, 376, 379, 389, 392, 397, 412, 413, 416, 419, 420, 421, 422, 425, 427, 431], "excluded_lines": []}, "": {"executed_lines": [], "summary": {"covered_lines": 0, "num_statements": 12, "percent_covered": 0.0, "percent_covered_display": "0", "missing_lines": 12, "excluded_lines": 0}, "missing_lines": [1, 3, 4, 5, 6, 8, 11, 30, 66, 153, 202, 320], "excluded_lines": []}}, "classes": {"": {"executed_lines": [], "summary": {"covered_lines": 0, "num_statements": 126, "percent_covered": 0.0, "percent_covered_display": "0", "missing_lines": 126, "excluded_lines": 0}, "missing_lines": [1, 3, 4, 5, 6, 8, 11, 15, 16, 18, 21, 22, 25, 27, 30, 32, 33, 34, 35, 38, 39, 40, 41, 42, 44, 45, 46, 47, 50, 63, 66, 98, 99, 100, 103, 106, 109, 111, 119, 120, 121, 123, 130, 131, 134, 135, 136, 137, 138, 139, 140, 141, 145, 148, 149, 150, 153, 180, 181, 182, 185, 187, 188, 196, 198, 199, 202, 228, 229, 230, 233, 243, 246, 249, 250, 252, 254, 255, 256, 257, 258, 261, 271, 272, 275, 276, 277, 279, 281, 282, 285, 286, 287, 288, 289, 290, 293, 295, 296, 297, 299, 302, 305, 315, 317, 320, 350, 351, 354, 372, 374, 376, 379, 389, 392, 397, 412, 413, 416, 419, 420, 421, 422, 425, 427, 431], "excluded_lines": []}}}, "src/portfoliomodels/MVOmodel.py": {"executed_lines": [1, 2, 4, 5, 6, 7, 8, 11, 31, 76, 79, 83, 87, 89, 91, 94, 97, 110, 119, 122, 125, 126, 127, 128, 129, 132, 133, 134, 135, 138, 141, 166, 181, 183, 186, 188, 190, 192, 193, 194, 196, 197, 198, 201, 202, 205, 219, 221, 223, 225, 226, 227, 229, 231, 232, 235, 237], "summary": {"covered_lines": 57, "num_statements": 75, "percent_covered": 76.0, "percent_covered_display": "76", "missing_lines": 18, "excluded_lines": 0}, "missing_lines": [15, 16, 19, 20, 21, 23, 24, 25, 111, 112, 114, 115, 116, 145, 155, 156, 157, 160], "excluded_lines": [], "functions": {"cholesky_psd": {"executed_lines": [], "summary": {"covered_lines": 0, "num_statements": 8, "percent_covered": 0.0, "percent_covered_display": "0", "missing_lines": 8, "excluded_lines": 0}, "missing_lines": [15, 16, 19, 20, 21, 23, 24, 25], "excluded_lines": []}, "rebalancing_model": {"executed_lines": [76, 79, 83, 87, 89, 91, 94, 97, 110, 119, 122, 125, 126, 127, 128, 129, 132, 133, 134, 135, 138, 141], "summary": {"covered_lines": 22, "num_statements": 32, "percent_covered": 68.75, "percent_covered_display": "69", "missing_lines": 10, "excluded_lines": 0}, "missing_lines": [111, 112, 114, 115, 116, 145, 155, 156, 157, 160], "excluded_lines": []}, "mvo_model": {"executed_lines": [181, 183, 186, 188, 190, 192, 193, 194, 196, 197, 198, 201, 202, 205, 219, 221, 223, 225, 226, 227, 229, 231, 232, 235, 237], "summary": {"covered_lines": 25, "num_statements": 25, "percent_covered": 100.0, "percent_covered_display": "100", "missing_lines": 0, "excluded_lines": 0}, "missing_lines": [], "excluded_lines": []}, "": {"executed_lines": [1, 2, 4, 5, 6, 7, 8, 11, 31, 166], "summary": {"covered_lines": 10, "num_statements": 10, "percent_covered": 100.0, "percent_covered_display": "100", "missing_lines": 0, "excluded_lines": 0}, "missing_lines": [], "excluded_lines": []}}, "classes": {"": {"executed_lines": [1, 2, 4, 5, 6, 7, 8, 11, 31, 76, 79, 83, 87, 89, 91, 94, 97, 110, 119, 122, 125, 126, 127, 128, 129, 132, 133, 134, 135, 138, 141, 166, 181, 183, 186, 188, 190, 192, 193, 194, 196, 197, 198, 201, 202, 205, 219, 221, 223, 225, 226, 227, 229, 231, 232, 235, 237], "summary": {"covered_lines": 57, "num_statements": 75, "percent_covered": 76.0, "percent_covered_display": "76", "missing_lines": 18, "excluded_lines": 0}, "missing_lines": [15, 16, 19, 20, 21, 23, 24, 25, 111, 112, 114, 115, 116, 145, 155, 156, 157, 160], "excluded_lines": []}}}, "src/portfoliomodels/MVOtargets.py": {"executed_lines": [1, 3, 4, 5, 7, 12, 14, 15, 18, 20, 26, 29, 32, 34, 37, 40, 43, 47, 50, 51, 53, 56, 59, 62, 65, 66, 67, 68, 69, 72, 78], "summary": {"covered_lines": 31, "num_statements": 31, "percent_covered": 100.0, "percent_covered_display": "100", "missing_lines": 0, "excluded_lines": 0}, "missing_lines": [], "excluded_lines": [], "functions": {"portfolio_risk_target": {"executed_lines": [14, 15, 18, 20], "summary": {"covered_lines": 4, "num_statements": 4, "percent_covered": 100.0, "percent_covered_display": "100", "missing_lines": 0, "excluded_lines": 0}, "missing_lines": [], "excluded_lines": []}, "get_mvo_targets": {"executed_lines": [29, 32, 34, 37, 40, 43, 47, 50, 51, 53, 56, 59, 62, 65, 66, 67, 68, 69, 72, 78], "summary": {"covered_lines": 20, "num_statements": 20, "percent_covered": 100.0, "percent_covered_display": "100", "missing_lines": 0, "excluded_lines": 0}, "missing_lines": [], "excluded_lines": []}, "": {"executed_lines": [1, 3, 4, 5, 7, 12, 26], "summary": {"covered_lines": 7, "num_statements": 7, "percent_covered": 100.0, "percent_covered_display": "100", "missing_lines": 0, "excluded_lines": 0}, "missing_lines": [], "excluded_lines": []}}, "classes": {"": {"executed_lines": [1, 3, 4, 5, 7, 12, 14, 15, 18, 20, 26, 29, 32, 34, 37, 40, 43, 47, 50, 51, 53, 56, 59, 62, 65, 66, 67, 68, 69, 72, 78], "summary": {"covered_lines": 31, "num_statements": 31, "percent_covered": 100.0, "percent_covered_display": "100", "missing_lines": 0, "excluded_lines": 0}, "missing_lines": [], "excluded_lines": []}}}, "src/portfoliomodels/ScenarioGeneration.py": {"executed_lines": [1, 2, 4, 5, 6, 7, 10, 11, 15, 16, 17, 18, 19, 20, 21, 22, 23, 24, 26, 27, 31, 33, 34, 37, 40, 41, 44, 45, 46, 49, 51, 53, 54, 72, 73, 93, 94, 95, 98, 99, 101, 102, 103, 105, 106, 108, 113, 122, 125, 126, 128, 130, 131, 157, 158, 212, 213, 217, 218, 223, 231, 233, 234, 235, 236, 239, 240, 241, 243, 244, 247, 248, 249, 250, 251, 252, 253, 255, 260, 261, 263, 264, 265, 266, 267, 269, 270, 277, 278, 279, 280, 281, 282, 283, 285, 287, 343], "summary": {"covered_lines": 95, "num_statements": 151, "percent_covered": 62.913907284768214, "percent_covered_display": "63", "missing_lines": 56, "excluded_lines": 0}, "missing_lines": [68, 70, 82, 83, 86, 89, 91, 145, 146, 149, 152, 153, 155, 176, 179, 188, 191, 194, 197, 200, 201, 202, 205, 206, 207, 209, 309, 313, 314, 315, 318, 319, 322, 325, 326, 327, 328, 330, 332, 333, 335, 337, 341, 362, 363, 365, 367, 368, 370, 371, 373, 374, 376, 378, 379, 381], "excluded_lines": [], "functions": {"MomentGenerator._alpha_numerator": {"executed_lines": [17, 18, 19, 20, 21, 22, 23, 24], "summary": {"covered_lines": 8, "num_statements": 8, "percent_covered": 100.0, "percent_covered_display": "100", "missing_lines": 0, "excluded_lines": 0}, "missing_lines": [], "excluded_lines": []}, "MomentGenerator._ledoit_wolf_shrinkage": {"executed_lines": [31, 33, 34, 37, 40, 41, 44, 45, 46, 49, 51], "summary": {"covered_lines": 11, "num_statements": 11, "percent_covered": 100.0, "percent_covered_display": "100", "missing_lines": 0, "excluded_lines": 0}, "missing_lines": [], "excluded_lines": []}, "MomentGenerator._jorion_shrinkage": {"executed_lines": [], "summary": {"covered_lines": 0, "num_statements": 2, "percent_covered": 0.0, "percent_covered_display": "0", "missing_lines": 2, "excluded_lines": 0}, "missing_lines": [68, 70], "excluded_lines": []}, "MomentGenerator.compute_annualized_covariance": {"executed_lines": [], "summary": {"covered_lines": 0, "num_statements": 5, "percent_covered": 0.0, "percent_covered_display": "0", "missing_lines": 5, "excluded_lines": 0}, "missing_lines": [82, 83, 86, 89, 91], "excluded_lines": []}, "MomentGenerator.generate_sigma_mu_for_test_periods": {"executed_lines": [95, 98, 99, 101, 102, 103, 105, 106, 108, 113, 122, 125, 126, 128], "summary": {"covered_lines": 14, "num_statements": 14, "percent_covered": 100.0, "percent_covered_display": "100", "missing_lines": 0, "excluded_lines": 0}, "missing_lines": [], "excluded_lines": []}, "MomentGenerator.split_dataset": {"executed_lines": [], "summary": {"covered_lines": 0, "num_statements": 6, "percent_covered": 0.0, "percent_covered_display": "0", "missing_lines": 6, "excluded_lines": 0}, "missing_lines": [145, 146, 149, 152, 153, 155], "excluded_lines": []}, "MomentGenerator.generate_annual_sigma_mu_with_risk_free": {"executed_lines": [], "summary": {"covered_lines": 0, "num_statements": 13, "percent_covered": 0.0, "percent_covered_display": "0", "missing_lines": 13, "excluded_lines": 0}, "missing_lines": [176, 179, 188, 191, 194, 197, 200, 201, 202, 205, 206, 207, 209], "excluded_lines": []}, "ScenarioGenerator.__init__": {"executed_lines": [218], "summary": {"covered_lines": 1, "num_statements": 1, "percent_covered": 100.0, "percent_covered_display": "100", "missing_lines": 0, "excluded_lines": 0}, "missing_lines": [], "excluded_lines": []}, "ScenarioGenerator.monte_carlo": {"executed_lines": [231, 233, 234, 235, 236, 239, 240, 241, 243, 244, 247, 248, 249, 250, 251, 252, 253, 255], "summary": {"covered_lines": 18, "num_statements": 18, "percent_covered": 100.0, "percent_covered_display": "100", "missing_lines": 0, "excluded_lines": 0}, "missing_lines": [], "excluded_lines": []}, "ScenarioGenerator.bootstrapping": {"executed_lines": [261, 263, 264, 265, 266, 267, 269, 270, 277, 278, 279, 280, 281, 282, 283, 285], "summary": {"covered_lines": 16, "num_statements": 16, "percent_covered": 100.0, "percent_covered_display": "100", "missing_lines": 0, "excluded_lines": 0}, "missing_lines": [], "excluded_lines": []}, "ScenarioGenerator.MC_simulation_annual_from_weekly": {"executed_lines": [], "summary": {"covered_lines": 0, "num_statements": 17, "percent_covered": 0.0, "percent_covered_display": "0", "missing_lines": 17, "excluded_lines": 0}, "missing_lines": [309, 313, 314, 315, 318, 319, 322, 325, 326, 327, 328, 330, 332, 333, 335, 337, 341], "excluded_lines": []}, "ScenarioGenerator.bootstrap_simulation_annual_from_weekly": {"executed_lines": [], "summary": {"covered_lines": 0, "num_statements": 13, "percent_covered": 0.0, "percent_covered_display": "0", "missing_lines": 13, "excluded_lines": 0}, "missing_lines": [362, 363, 365, 367, 368, 370, 371, 373, 374, 376, 378, 379, 381], "excluded_lines": []}, "": {"executed_lines": [1, 2, 4, 5, 6, 7, 10, 11, 15, 16, 26, 27, 53, 54, 72, 73, 93, 94, 130, 131, 157, 158, 212, 213, 217, 223, 260, 287, 343], "summary": {"covered_lines": 27, "num_statements": 27, "percent_covered": 100.0, "percent_covered_display": "100", "missing_lines": 0, "excluded_lines": 0}, "missing_lines": [], "excluded_lines": []}}, "classes": {"MomentGenerator": {"executed_lines": [17, 18, 19, 20, 21, 22, 23, 24, 31, 33, 34, 37, 40, 41, 44, 45, 46, 49, 51, 95, 98, 99, 101, 102, 103, 105, 106, 108, 113, 122, 125, 126, 128], "summary": {"covered_lines": 33, "num_statements": 59, "percent_covered": 55.932203389830505, "percent_covered_display": "56", "missing_lines": 26, "excluded_lines": 0}, "missing_lines": [68, 70, 82, 83, 86, 89, 91, 145, 146, 149, 152, 153, 155, 176, 179, 188, 191, 194, 197, 200, 201, 202, 205, 206, 207, 209], "excluded_lines": []}, "ScenarioGenerator": {"executed_lines": [218, 231, 233, 234, 235, 236, 239, 240, 241, 243, 244, 247, 248, 249, 250, 251, 252, 253, 255, 261, 263, 264, 265, 266, 267, 269, 270, 277, 278, 279, 280, 281, 282, 283, 285], "summary": {"covered_lines": 35, "num_statements": 65, "percent_covered": 53.84615384615385, "percent_covered_display": "54", "missing_lines": 30, "excluded_lines": 0}, "missing_lines": [309, 313, 314, 315, 318, 319, 322, 325, 326, 327, 328, 330, 332, 333, 335, 337, 341, 362, 363, 365, 367, 368, 370, 371, 373, 374, 376, 378, 379, 381], "excluded_lines": []}, "": {"executed_lines": [1, 2, 4, 5, 6, 7, 10, 11, 15, 16, 26, 27, 53, 54, 72, 73, 93, 94, 130, 131, 157, 158, 212, 213, 217, 223, 260, 287, 343], "summary": {"covered_lines": 27, "num_statements": 27, "percent_covered": 100.0, "percent_covered_display": "100", "missing_lines": 0, "excluded_lines": 0}, "missing_lines": [], "excluded_lines": []}}}, "src/portfoliomodels/__init__.py": {"executed_lines": [0], "summary": {"covered_lines": 0, "num_statements": 0, "percent_covered": 100.0, "percent_covered_display": "100", "missing_lines": 0, "excluded_lines": 0}, "missing_lines": [], "excluded_lines": [], "functions": {"": {"executed_lines": [], "summary": {"covered_lines": 0, "num_statements": 0, "percent_covered": 100.0, "percent_covered_display": "100", "missing_lines": 0, "excluded_lines": 0}, "missing_lines": [], "excluded_lines": []}}, "classes": {"": {"executed_lines": [], "summary": {"covered_lines": 0, "num_statements": 0, "percent_covered": 100.0, "percent_covered_display": "100", "missing_lines": 0, "excluded_lines": 0}, "missing_lines": [], "excluded_lines": []}}}, "src/portfoliomodels/dataAnalyser.py": {"executed_lines": [], "summary": {"covered_lines": 0, "num_statements": 27, "percent_covered": 0.0, "percent_covered_display": "0", "missing_lines": 27, "excluded_lines": 0}, "missing_lines": [1, 2, 5, 8, 9, 10, 12, 14, 17, 21, 22, 24, 25, 27, 28, 29, 32, 36, 37, 38, 40, 43, 47, 49, 52, 53, 55], "excluded_lines": [], "functions": {"mean_an_returns": {"executed_lines": [], "summary": {"covered_lines": 0, "num_statements": 5, "percent_covered": 0.0, "percent_covered_display": "0", "missing_lines": 5, "excluded_lines": 0}, "missing_lines": [8, 9, 10, 12, 14], "excluded_lines": []}, "final_stats": {"executed_lines": [], "summary": {"covered_lines": 0, "num_statements": 12, "percent_covered": 0.0, "percent_covered_display": "0", "missing_lines": 12, "excluded_lines": 0}, "missing_lines": [21, 22, 24, 25, 27, 28, 29, 32, 36, 37, 38, 40], "excluded_lines": []}, "get_weekly_returns": {"executed_lines": [], "summary": {"covered_lines": 0, "num_statements": 5, "percent_covered": 0.0, "percent_covered_display": "0", "missing_lines": 5, "excluded_lines": 0}, "missing_lines": [47, 49, 52, 53, 55], "excluded_lines": []}, "": {"executed_lines": [], "summary": {"covered_lines": 0, "num_statements": 5, "percent_covered": 0.0, "percent_covered_display": "0", "missing_lines": 5, "excluded_lines": 0}, "missing_lines": [1, 2, 5, 17, 43], "excluded_lines": []}}, "classes": {"": {"executed_lines": [], "summary": {"covered_lines": 0, "num_statements": 27, "percent_covered": 0.0, "percent_covered_display": "0", "missing_lines": 27, "excluded_lines": 0}, "missing_lines": [1, 2, 5, 8, 9, 10, 12, 14, 17, 21, 22, 24, 25, 27, 28, 29, 32, 36, 37, 38, 40, 43, 47, 49, 52, 53, 55], "excluded_lines": []}}}, "src/portfoliomodels/glidePathCreator.py": {"executed_lines": [], "summary": {"covered_lines": 0, "num_statements": 19, "percent_covered": 0.0, "percent_covered_display": "0", "missing_lines": 19, "excluded_lines": 0}, "missing_lines": [1, 2, 3, 6, 9, 10, 12, 13, 14, 16, 21, 31, 40, 48, 61, 62, 63, 65, 68], "excluded_lines": [], "functions": {"generate_risk_profiles": {"executed_lines": [], "summary": {"covered_lines": 0, "num_statements": 15, "percent_covered": 0.0, "percent_covered_display": "0", "missing_lines": 15, "excluded_lines": 0}, "missing_lines": [9, 10, 12, 13, 14, 16, 21, 31, 40, 48, 61, 62, 63, 65, 68], "excluded_lines": []}, "": {"executed_lines": [], "summary": {"covered_lines": 0, "num_statements": 4, "percent_covered": 0.0, "percent_covered_display": "0", "missing_lines": 4, "excluded_lines": 0}, "missing_lines": [1, 2, 3, 6], "excluded_lines": []}}, "classes": {"": {"executed_lines": [], "summary": {"covered_lines": 0, "num_statements": 19, "percent_covered": 0.0, "percent_covered_display": "0", "missing_lines": 19, "excluded_lines": 0}, "missing_lines": [1, 2, 3, 6, 9, 10, 12, 13, 14, 16, 21, 31, 40, 48, 61, 62, 63, 65, 68], "excluded_lines": []}}}, "src/portfoliomodels/main.py": {"executed_lines": [], "summary": {"covered_lines": 0, "num_statements": 267, "percent_covered": 0.0, "percent_covered_display": "0", "missing_lines": 267, "excluded_lines": 0}, "missing_lines": [1, 2, 3, 4, 5, 7, 8, 9, 10, 11, 12, 13, 14, 16, 17, 18, 19, 20, 21, 22, 23, 24, 25, 27, 39, 45, 46, 47, 48, 49, 50, 52, 54, 55, 64, 67, 68, 69, 70, 71, 72, 74, 78, 85, 89, 90, 91, 92, 93, 95, 96, 97, 98, 109, 110, 116, 117, 119, 120, 121, 127, 128, 133, 135, 136, 145, 157, 158, 160, 162, 164, 167, 168, 169, 172, 175, 178, 189, 201, 212, 230, 231, 232, 233, 234, 238, 239, 247, 248, 250, 251, 252, 253, 254, 255, 256, 257, 258, 260, 261, 274, 276, 277, 278, 280, 289, 290, 291, 293, 296, 301, 304, 306, 308, 316, 317, 321, 323, 327, 332, 333, 334, 337, 338, 343, 344, 345, 346, 348, 350, 351, 361, 370, 371, 379, 380, 381, 390, 391, 392, 394, 396, 398, 410, 411, 414, 417, 418, 419, 420, 423, 424, 425, 426, 427, 428, 431, 432, 433, 434, 436, 437, 438, 439, 442, 453, 467, 468, 471, 472, 473, 483, 484, 485, 486, 487, 489, 490, 492, 493, 494, 497, 506, 509, 510, 515, 517, 519, 523, 526, 530, 531, 534, 535, 536, 543, 545, 556, 557, 561, 564, 565, 566, 571, 572, 581, 583, 599, 602, 605, 612, 614, 615, 619, 620, 628, 636, 637, 638, 646, 658, 659, 673, 688, 698, 699, 701, 703, 718, 719, 722, 723, 727, 729, 731, 736, 737, 739, 741, 742, 749, 750, 757, 763, 767, 768, 769, 776, 779, 780, 782, 783, 787, 797, 799, 800, 803, 811, 822, 824, 825, 828, 838, 841, 844, 853, 864], "excluded_lines": [], "functions": {"TradeBot.__init__": {"executed_lines": [], "summary": {"covered_lines": 0, "num_statements": 6, "percent_covered": 0.0, "percent_covered_display": "0", "missing_lines": 6, "excluded_lines": 0}, "missing_lines": [46, 47, 48, 49, 50, 52], "excluded_lines": []}, "TradeBot.__plot_backtest": {"executed_lines": [], "summary": {"covered_lines": 0, "num_statements": 29, "percent_covered": 0.0, "percent_covered_display": "0", "missing_lines": 29, "excluded_lines": 0}, "missing_lines": [64, 67, 68, 69, 70, 71, 72, 74, 78, 85, 89, 90, 91, 92, 93, 95, 96, 97, 98, 109, 110, 116, 117, 119, 120, 121, 127, 128, 133], "excluded_lines": []}, "TradeBot.__plot_portfolio_densities": {"executed_lines": [], "summary": {"covered_lines": 0, "num_statements": 52, "percent_covered": 0.0, "percent_covered_display": "0", "missing_lines": 52, "excluded_lines": 0}, "missing_lines": [145, 157, 158, 160, 162, 164, 167, 168, 169, 172, 175, 178, 189, 201, 212, 230, 231, 232, 233, 234, 238, 239, 247, 248, 250, 251, 252, 253, 254, 255, 256, 257, 258, 260, 261, 274, 276, 277, 278, 280, 289, 290, 291, 293, 296, 301, 304, 306, 308, 316, 317, 321], "excluded_lines": []}, "TradeBot.get_stat": {"executed_lines": [], "summary": {"covered_lines": 0, "num_statements": 11, "percent_covered": 0.0, "percent_covered_display": "0", "missing_lines": 11, "excluded_lines": 0}, "missing_lines": [327, 332, 333, 334, 337, 338, 343, 344, 345, 346, 348], "excluded_lines": []}, "TradeBot.get_top_performing_assets": {"executed_lines": [], "summary": {"covered_lines": 0, "num_statements": 12, "percent_covered": 0.0, "percent_covered_display": "0", "missing_lines": 12, "excluded_lines": 0}, "missing_lines": [351, 361, 370, 371, 379, 380, 381, 390, 391, 392, 394, 396], "excluded_lines": []}, "TradeBot.plot_dots": {"executed_lines": [], "summary": {"covered_lines": 0, "num_statements": 44, "percent_covered": 0.0, "percent_covered_display": "0", "missing_lines": 44, "excluded_lines": 0}, "missing_lines": [410, 411, 414, 417, 418, 419, 420, 423, 424, 425, 426, 427, 428, 431, 432, 433, 434, 436, 437, 438, 439, 442, 453, 467, 468, 471, 472, 473, 483, 484, 485, 486, 487, 489, 490, 492, 493, 494, 497, 506, 509, 510, 515, 517], "excluded_lines": []}, "TradeBot.mst": {"executed_lines": [], "summary": {"covered_lines": 0, "num_statements": 8, "percent_covered": 0.0, "percent_covered_display": "0", "missing_lines": 8, "excluded_lines": 0}, "missing_lines": [523, 526, 530, 531, 534, 535, 536, 543], "excluded_lines": []}, "TradeBot.clustering": {"executed_lines": [], "summary": {"covered_lines": 0, "num_statements": 9, "percent_covered": 0.0, "percent_covered_display": "0", "missing_lines": 9, "excluded_lines": 0}, "missing_lines": [556, 557, 561, 564, 565, 566, 571, 572, 581], "excluded_lines": []}, "TradeBot.backtest": {"executed_lines": [], "summary": {"covered_lines": 0, "num_statements": 20, "percent_covered": 0.0, "percent_covered_display": "0", "missing_lines": 20, "excluded_lines": 0}, "missing_lines": [599, 602, 605, 612, 614, 615, 619, 620, 628, 636, 637, 638, 646, 658, 659, 673, 688, 698, 699, 701], "excluded_lines": []}, "TradeBot.lifecycle_scenario_analysis": {"executed_lines": [], "summary": {"covered_lines": 0, "num_statements": 30, "percent_covered": 0.0, "percent_covered_display": "0", "missing_lines": 30, "excluded_lines": 0}, "missing_lines": [718, 719, 722, 723, 727, 729, 731, 736, 737, 739, 741, 742, 749, 750, 757, 763, 767, 768, 769, 776, 779, 780, 782, 783, 787, 797, 799, 800, 803, 811], "excluded_lines": []}, "": {"executed_lines": [], "summary": {"covered_lines": 0, "num_statements": 46, "percent_covered": 0.0, "percent_covered_display": "0", "missing_lines": 46, "excluded_lines": 0}, "missing_lines": [1, 2, 3, 4, 5, 7, 8, 9, 10, 11, 12, 13, 14, 16, 17, 18, 19, 20, 21, 22, 23, 24, 25, 27, 39, 45, 54, 55, 135, 136, 323, 350, 398, 519, 545, 583, 703, 822, 824, 825, 828, 838, 841, 844, 853, 864], "excluded_lines": []}}, "classes": {"TradeBot": {"executed_lines": [], "summary": {"covered_lines": 0, "num_statements": 221, "percent_covered": 0.0, "percent_covered_display": "0", "missing_lines": 221, "excluded_lines": 0}, "missing_lines": [46, 47, 48, 49, 50, 52, 64, 67, 68, 69, 70, 71, 72, 74, 78, 85, 89, 90, 91, 92, 93, 95, 96, 97, 98, 109, 110, 116, 117, 119, 120, 121, 127, 128, 133, 145, 157, 158, 160, 162, 164, 167, 168, 169, 172, 175, 178, 189, 201, 212, 230, 231, 232, 233, 234, 238, 239, 247, 248, 250, 251, 252, 253, 254, 255, 256, 257, 258, 260, 261, 274, 276, 277, 278, 280, 289, 290, 291, 293, 296, 301, 304, 306, 308, 316, 317, 321, 327, 332, 333, 334, 337, 338, 343, 344, 345, 346, 348, 351, 361, 370, 371, 379, 380, 381, 390, 391, 392, 394, 396, 410, 411, 414, 417, 418, 419, 420, 423, 424, 425, 426, 427, 428, 431, 432, 433, 434, 436, 437, 438, 439, 442, 453, 467, 468, 471, 472, 473, 483, 484, 485, 486, 487, 489, 490, 492, 493, 494, 497, 506, 509, 510, 515, 517, 523, 526, 530, 531, 534, 535, 536, 543, 556, 557, 561, 564, 565, 566, 571, 572, 581, 599, 602, 605, 612, 614, 615, 619, 620, 628, 636, 637, 638, 646, 658, 659, 673, 688, 698, 699, 701, 718, 719, 722, 723, 727, 729, 731, 736, 737, 739, 741, 742, 749, 750, 757, 763, 767, 768, 769, 776, 779, 780, 782, 783, 787, 797, 799, 800, 803, 811], "excluded_lines": []}, "": {"executed_lines": [], "summary": {"covered_lines": 0, "num_statements": 46, "percent_covered": 0.0, "percent_covered_display": "0", "missing_lines": 46, "excluded_lines": 0}, "missing_lines": [1, 2, 3, 4, 5, 7, 8, 9, 10, 11, 12, 13, 14, 16, 17, 18, 19, 20, 21, 22, 23, 24, 25, 27, 39, 45, 54, 55, 135, 136, 323, 350, 398, 519, 545, 583, 703, 822, 824, 825, 828, 838, 841, 844, 853, 864], "excluded_lines": []}}}}, "totals": {"covered_lines": 324, "num_statements": 900, "percent_covered": 36.0, "percent_covered_display": "36", "missing_lines": 576, "excluded_lines": 0}}